<?xml version="1.0" encoding="UTF-8"?>
<!-- Generated by org.testng.reporters.JUnitXMLReporter -->
<testsuite ignored="1" hostname="LTIN620508" failures="0" tests="5" name="Pepperfry Functional Tests - Edge Browser" time="36.907" errors="0" timestamp="2025-06-15T18:18:35 IST">
  <testcase classname="com.pepperfry.pom_testing.TestRunner" name="validateTitle" time="0.628"/>
  <testcase classname="com.pepperfry.pom_testing.TestRunner" name="navigateToSetteesAndBenches" time="1.817"/>
  <testcase classname="com.pepperfry.pom_testing.TestRunner" name="displayFurnitureTypes" time="1.906"/>
  <testcase classname="com.pepperfry.pom_testing.TestRunner" name="filterByMetalBenches" time="3.499"/>
  <testcase classname="com.pepperfry.pom_testing.TestRunner" name="validateMetalBenches" time="3.481"/>
  <testcase classname="com.pepperfry.pom_testing.TestRunner" name="compareBenchAndMetalBenchCount" time="0.0">
    <ignored/>
  </testcase> <!-- compareBenchAndMetalBenchCount -->
</testsuite> <!-- Pepperfry Functional Tests - Edge Browser -->
